find_header: checking for librdkafka/rdkafka.h... -------------------- yes

"/usr/local/bin/gcc-4.2 -o conftest -I/Users/scampbell/.rbenv/versions/2.1.1/include/ruby-2.1.0/x86_64-darwin13.0 -I/Users/scampbell/.rbenv/versions/2.1.1/include/ruby-2.1.0/ruby/backward -I/Users/scampbell/.rbenv/versions/2.1.1/include/ruby-2.1.0 -I. -I/Users/scampbell/.rbenv/versions/2.1.1/include  -D_XOPEN_SOURCE -D_DARWIN_C_SOURCE -D_DARWIN_UNLIMITED_SELECT -D_REENTRANT    -O3 -Wno-error=shorten-64-to-32  -pipe conftest.c  -L. -L/Users/scampbell/.rbenv/versions/2.1.1/lib -L/Users/scampbell/.rbenv/versions/2.1.1/lib -L. -L/Users/scampbell/.rbenv/versions/2.1.1/lib  -fstack-protector     -lruby-static -framework CoreFoundation  -lpthread -lgmp -ldl -lobjc "
checked program was:
/* begin */
1: #include "ruby.h"
2: 
3: int main(int argc, char **argv)
4: {
5:   return 0;
6: }
/* end */

"/usr/local/bin/cpp-4.2 -I/Users/scampbell/.rbenv/versions/2.1.1/include/ruby-2.1.0/x86_64-darwin13.0 -I/Users/scampbell/.rbenv/versions/2.1.1/include/ruby-2.1.0/ruby/backward -I/Users/scampbell/.rbenv/versions/2.1.1/include/ruby-2.1.0 -I. -I/Users/scampbell/.rbenv/versions/2.1.1/include  -D_XOPEN_SOURCE -D_DARWIN_C_SOURCE -D_DARWIN_UNLIMITED_SELECT -D_REENTRANT    -O3 -Wno-error=shorten-64-to-32  -pipe  conftest.c -o conftest.i"
checked program was:
/* begin */
1: #include "ruby.h"
2: 
3: #include <librdkafka/rdkafka.h>
/* end */

--------------------

find_library: checking for rd_kafka_conf_new() in -lrdkafka... -------------------- yes

"/usr/local/bin/gcc-4.2 -o conftest -I/Users/scampbell/.rbenv/versions/2.1.1/include/ruby-2.1.0/x86_64-darwin13.0 -I/Users/scampbell/.rbenv/versions/2.1.1/include/ruby-2.1.0/ruby/backward -I/Users/scampbell/.rbenv/versions/2.1.1/include/ruby-2.1.0 -I. -I/Users/scampbell/.rbenv/versions/2.1.1/include  -D_XOPEN_SOURCE -D_DARWIN_C_SOURCE -D_DARWIN_UNLIMITED_SELECT -D_REENTRANT    -O3 -Wno-error=shorten-64-to-32  -pipe conftest.c  -L. -L/Users/scampbell/.rbenv/versions/2.1.1/lib -L/Users/scampbell/.rbenv/versions/2.1.1/lib -L. -L/Users/scampbell/.rbenv/versions/2.1.1/lib  -fstack-protector     -lruby-static -framework CoreFoundation -lrdkafka  -lpthread -lgmp -ldl -lobjc "
conftest.c: In function ‘t’:
conftest.c:13: error: ‘rd_kafka_conf_new’ undeclared (first use in this function)
conftest.c:13: error: (Each undeclared identifier is reported only once
conftest.c:13: error: for each function it appears in.)
checked program was:
/* begin */
 1: #include "ruby.h"
 2: 
 3: /*top*/
 4: extern int t(void);
 5: int main(int argc, char **argv)
 6: {
 7:   if (argc > 1000000) {
 8:     printf("%p", &t);
 9:   }
10: 
11:   return 0;
12: }
13: int t(void) { void ((*volatile p)()); p = (void ((*)()))rd_kafka_conf_new; return 0; }
/* end */

"/usr/local/bin/gcc-4.2 -o conftest -I/Users/scampbell/.rbenv/versions/2.1.1/include/ruby-2.1.0/x86_64-darwin13.0 -I/Users/scampbell/.rbenv/versions/2.1.1/include/ruby-2.1.0/ruby/backward -I/Users/scampbell/.rbenv/versions/2.1.1/include/ruby-2.1.0 -I. -I/Users/scampbell/.rbenv/versions/2.1.1/include  -D_XOPEN_SOURCE -D_DARWIN_C_SOURCE -D_DARWIN_UNLIMITED_SELECT -D_REENTRANT    -O3 -Wno-error=shorten-64-to-32  -pipe conftest.c  -L. -L/Users/scampbell/.rbenv/versions/2.1.1/lib -L/Users/scampbell/.rbenv/versions/2.1.1/lib -L. -L/Users/scampbell/.rbenv/versions/2.1.1/lib  -fstack-protector     -lruby-static -framework CoreFoundation -lrdkafka  -lpthread -lgmp -ldl -lobjc "
checked program was:
/* begin */
 1: #include "ruby.h"
 2: 
 3: /*top*/
 4: extern int t(void);
 5: int main(int argc, char **argv)
 6: {
 7:   if (argc > 1000000) {
 8:     printf("%p", &t);
 9:   }
10: 
11:   return 0;
12: }
13: int t(void) { rd_kafka_conf_new(); return 0; }
/* end */

--------------------

